
optiboot_atmega644p.elf:     file format elf32-avr

Sections:
Idx Name          Size      VMA       LMA       File off  Algn
  0 .data         00000000  00800100  0000fe0c  00000280  2**0
                  CONTENTS, ALLOC, LOAD, DATA
  1 .text         0000020c  0000fc00  0000fc00  00000074  2**1
                  CONTENTS, ALLOC, LOAD, READONLY, CODE
  2 .version      00000002  00000000  00000000  00000280  2**0
                  CONTENTS, READONLY
  3 .debug_aranges 00000028  00000000  00000000  00000282  2**0
                  CONTENTS, READONLY, DEBUGGING
  4 .debug_info   000002a8  00000000  00000000  000002aa  2**0
                  CONTENTS, READONLY, DEBUGGING
  5 .debug_abbrev 0000015d  00000000  00000000  00000552  2**0
                  CONTENTS, READONLY, DEBUGGING
  6 .debug_line   000001a0  00000000  00000000  000006af  2**0
                  CONTENTS, READONLY, DEBUGGING
  7 .debug_frame  0000008c  00000000  00000000  00000850  2**2
                  CONTENTS, READONLY, DEBUGGING
  8 .debug_str    00000142  00000000  00000000  000008dc  2**0
                  CONTENTS, READONLY, DEBUGGING
  9 .debug_loc    000002ad  00000000  00000000  00000a1e  2**0
                  CONTENTS, READONLY, DEBUGGING
 10 .debug_ranges 00000048  00000000  00000000  00000ccb  2**0
                  CONTENTS, READONLY, DEBUGGING

Disassembly of section .text:

0000fc00 <main>:
  //  SP points to RAMEND
  //  r1 contains zero
  //
  // If not, uncomment the following instructions:
  // cli();
  asm volatile ("clr __zero_reg__");
    fc00:	11 24       	eor	r1, r1
#ifdef __AVR_ATmega8__
  SP=RAMEND;  // This is done by hardware reset
#endif

  // Adaboot no-wait mod
  ch = MCUSR;
    fc02:	84 b7       	in	r24, 0x34	; 52
  MCUSR = 0;
    fc04:	14 be       	out	0x34, r1	; 52
  if (!(ch & _BV(EXTRF))) appStart();
    fc06:	81 ff       	sbrs	r24, 1
    fc08:	fc d0       	rcall	.+504    	; 0xfe02 <appStart>

#if LED_START_FLASHES > 0
  // Set up Timer 1 for timeout counter
  TCCR1B = _BV(CS12) | _BV(CS10); // div 1024
    fc0a:	85 e0       	ldi	r24, 0x05	; 5
    fc0c:	80 93 81 00 	sts	0x0081, r24
  UCSRA = _BV(U2X); //Double speed mode USART
  UCSRB = _BV(RXEN) | _BV(TXEN);  // enable Rx & Tx
  UCSRC = _BV(URSEL) | _BV(UCSZ1) | _BV(UCSZ0);  // config USART; 8N1
  UBRRL = (uint8_t)( (F_CPU + BAUD_RATE * 4L) / (BAUD_RATE * 8L) - 1 );
#else
  UCSR0A = _BV(U2X0); //Double speed mode USART0
    fc10:	82 e0       	ldi	r24, 0x02	; 2
    fc12:	80 93 c0 00 	sts	0x00C0, r24
  UCSR0B = _BV(RXEN0) | _BV(TXEN0);
    fc16:	88 e1       	ldi	r24, 0x18	; 24
    fc18:	80 93 c1 00 	sts	0x00C1, r24
  UCSR0C = _BV(UCSZ00) | _BV(UCSZ01);
    fc1c:	86 e0       	ldi	r24, 0x06	; 6
    fc1e:	80 93 c2 00 	sts	0x00C2, r24
  UBRR0L = (uint8_t)( (F_CPU + BAUD_RATE * 4L) / (BAUD_RATE * 8L) - 1 );
    fc22:	80 e1       	ldi	r24, 0x10	; 16
    fc24:	80 93 c4 00 	sts	0x00C4, r24
#endif
#endif

  // Set up watchdog to trigger after 500ms
  watchdogConfig(WATCHDOG_1S);
    fc28:	8e e0       	ldi	r24, 0x0E	; 14
    fc2a:	d5 d0       	rcall	.+426    	; 0xfdd6 <watchdogConfig>

  /* Set LED pin as output */
  LED_DDR |= _BV(LED);
    fc2c:	20 9a       	sbi	0x04, 0	; 4
    fc2e:	26 e0       	ldi	r18, 0x06	; 6
}

#if LED_START_FLASHES > 0
void flash_led(uint8_t count) {
  do {
    TCNT1 = -(F_CPU/(1024*16));
    fc30:	80 e3       	ldi	r24, 0x30	; 48
    fc32:	9c ef       	ldi	r25, 0xFC	; 252
    TIFR1 = _BV(TOV1);
    fc34:	31 e0       	ldi	r19, 0x01	; 1
}

#if LED_START_FLASHES > 0
void flash_led(uint8_t count) {
  do {
    TCNT1 = -(F_CPU/(1024*16));
    fc36:	90 93 85 00 	sts	0x0085, r25
    fc3a:	80 93 84 00 	sts	0x0084, r24
    TIFR1 = _BV(TOV1);
    fc3e:	36 bb       	out	0x16, r19	; 22
    while(!(TIFR1 & _BV(TOV1)));
    fc40:	b0 9b       	sbis	0x16, 0	; 22
    fc42:	fe cf       	rjmp	.-4      	; 0xfc40 <main+0x40>
#ifdef __AVR_ATmega8__
    LED_PORT ^= _BV(LED);
#else
    LED_PIN |= _BV(LED);
    fc44:	18 9a       	sbi	0x03, 0	; 3
}
#endif

// Watchdog functions. These are only safe with interrupts turned off.
void watchdogReset() {
  __asm__ __volatile__ (
    fc46:	a8 95       	wdr
    fc48:	21 50       	subi	r18, 0x01	; 1
    LED_PORT ^= _BV(LED);
#else
    LED_PIN |= _BV(LED);
#endif
    watchdogReset();
  } while (--count);
    fc4a:	a9 f7       	brne	.-22     	; 0xfc36 <main+0x36>
    fc4c:	00 e0       	ldi	r16, 0x00	; 0
    fc4e:	10 e0       	ldi	r17, 0x00	; 0
      ch = SPM_PAGESIZE / 2;
      do {
        uint16_t a;
        a = *bufPtr++;
        a |= (*bufPtr++) << 8;
        __boot_page_fill_short((uint16_t)(void*)addrPtr,a);
    fc50:	ee 24       	eor	r14, r14
    fc52:	e3 94       	inc	r14
        addrPtr += 2;
      } while (--ch);

      // Write from programming buffer
      __boot_page_write_short((uint16_t)(void*)address);
    fc54:	f5 e0       	ldi	r31, 0x05	; 5
    fc56:	df 2e       	mov	r13, r31
      boot_spm_busy_wait();

#if defined(RWWSRE)
      // Reenable read access to flash
      boot_rww_enable();
    fc58:	a1 e1       	ldi	r26, 0x11	; 17
    fc5a:	ca 2e       	mov	r12, r26
      do *bufPtr++ = getch();
      while (--length);

      // If we are in NRWW section, page erase has to be delayed until now.
      // Todo: Take RAMPZ into account
      if (address >= NRWWSTART) __boot_page_erase_short((uint16_t)(void*)address);
    fc5c:	b3 e0       	ldi	r27, 0x03	; 3
    fc5e:	fb 2e       	mov	r15, r27
#endif

  /* Forever loop */
  for (;;) {
    /* get character from UART */
    ch = getch();
    fc60:	ae d0       	rcall	.+348    	; 0xfdbe <getch>

    if(ch == STK_GET_PARAMETER) {
    fc62:	81 34       	cpi	r24, 0x41	; 65
    fc64:	89 f4       	brne	.+34     	; 0xfc88 <main+0x88>
      unsigned char which = getch();
    fc66:	ab d0       	rcall	.+342    	; 0xfdbe <getch>
      verifySpace();
    fc68:	89 83       	std	Y+1, r24	; 0x01
    fc6a:	bb d0       	rcall	.+374    	; 0xfde2 <verifySpace>
      if (which == 0x82) {
    fc6c:	89 81       	ldd	r24, Y+1	; 0x01
    fc6e:	82 38       	cpi	r24, 0x82	; 130
    fc70:	19 f4       	brne	.+6      	; 0xfc78 <main+0x78>
	/*
	 * Send optiboot version as "minor SW version"
	 */
	putch(OPTIBOOT_MINVER);
    fc72:	84 e0       	ldi	r24, 0x04	; 4
    fc74:	9d d0       	rcall	.+314    	; 0xfdb0 <putch>
    fc76:	99 c0       	rjmp	.+306    	; 0xfdaa <main+0x1aa>
      } else if (which == 0x81) {
    fc78:	81 38       	cpi	r24, 0x81	; 129
    fc7a:	19 f4       	brne	.+6      	; 0xfc82 <main+0x82>
	  putch(OPTIBOOT_MAJVER);
    fc7c:	84 e0       	ldi	r24, 0x04	; 4
    fc7e:	98 d0       	rcall	.+304    	; 0xfdb0 <putch>
    fc80:	94 c0       	rjmp	.+296    	; 0xfdaa <main+0x1aa>
      } else {
	/*
	 * GET PARAMETER returns a generic 0x03 reply for
         * other parameters - enough to keep Avrdude happy
	 */
	putch(0x03);
    fc82:	83 e0       	ldi	r24, 0x03	; 3
    fc84:	95 d0       	rcall	.+298    	; 0xfdb0 <putch>
    fc86:	91 c0       	rjmp	.+290    	; 0xfdaa <main+0x1aa>
      }
    }
    else if(ch == STK_SET_DEVICE) {
    fc88:	82 34       	cpi	r24, 0x42	; 66
    fc8a:	19 f4       	brne	.+6      	; 0xfc92 <main+0x92>
      // SET DEVICE is ignored
      getNch(20);
    fc8c:	84 e1       	ldi	r24, 0x14	; 20
    fc8e:	b1 d0       	rcall	.+354    	; 0xfdf2 <getNch>
    fc90:	8c c0       	rjmp	.+280    	; 0xfdaa <main+0x1aa>
    }
    else if(ch == STK_SET_DEVICE_EXT) {
    fc92:	85 34       	cpi	r24, 0x45	; 69
    fc94:	19 f4       	brne	.+6      	; 0xfc9c <main+0x9c>
      // SET DEVICE EXT is ignored
      getNch(5);
    fc96:	85 e0       	ldi	r24, 0x05	; 5
    fc98:	ac d0       	rcall	.+344    	; 0xfdf2 <getNch>
    fc9a:	87 c0       	rjmp	.+270    	; 0xfdaa <main+0x1aa>
    }
    else if(ch == STK_LOAD_ADDRESS) {
    fc9c:	85 35       	cpi	r24, 0x55	; 85
    fc9e:	71 f4       	brne	.+28     	; 0xfcbc <main+0xbc>
      // LOAD ADDRESS
      uint16_t newAddress;
      newAddress = getch();
    fca0:	8e d0       	rcall	.+284    	; 0xfdbe <getch>
    fca2:	a8 2e       	mov	r10, r24
    fca4:	bb 24       	eor	r11, r11
      newAddress = (newAddress & 0xff) | (getch() << 8);
    fca6:	8b d0       	rcall	.+278    	; 0xfdbe <getch>
    fca8:	08 2f       	mov	r16, r24
    fcaa:	10 e0       	ldi	r17, 0x00	; 0
    fcac:	10 2f       	mov	r17, r16
    fcae:	00 27       	eor	r16, r16
    fcb0:	0a 29       	or	r16, r10
    fcb2:	1b 29       	or	r17, r11
#ifdef RAMPZ
      // Transfer top bit to RAMPZ
      RAMPZ = (newAddress & 0x8000) ? 1 : 0;
#endif
      newAddress += newAddress; // Convert from word address to byte address
    fcb4:	00 0f       	add	r16, r16
    fcb6:	11 1f       	adc	r17, r17
      address = newAddress;
      verifySpace();
    fcb8:	94 d0       	rcall	.+296    	; 0xfde2 <verifySpace>
    fcba:	77 c0       	rjmp	.+238    	; 0xfdaa <main+0x1aa>
    }
    else if(ch == STK_UNIVERSAL) {
    fcbc:	86 35       	cpi	r24, 0x56	; 86
    fcbe:	29 f4       	brne	.+10     	; 0xfcca <main+0xca>
      // UNIVERSAL command is ignored
      getNch(4);
    fcc0:	84 e0       	ldi	r24, 0x04	; 4
    fcc2:	97 d0       	rcall	.+302    	; 0xfdf2 <getNch>
      putch(0x00);
    fcc4:	80 e0       	ldi	r24, 0x00	; 0
    fcc6:	74 d0       	rcall	.+232    	; 0xfdb0 <putch>
    fcc8:	70 c0       	rjmp	.+224    	; 0xfdaa <main+0x1aa>
    }
    /* Write memory, length is big endian and is in bytes */
    else if(ch == STK_PROG_PAGE) {
    fcca:	84 36       	cpi	r24, 0x64	; 100
    fccc:	09 f0       	breq	.+2      	; 0xfcd0 <main+0xd0>
    fcce:	43 c0       	rjmp	.+134    	; 0xfd56 <main+0x156>
      // PROGRAM PAGE - we support flash programming only, not EEPROM
      uint8_t *bufPtr;
      uint16_t addrPtr;

      getch();			/* getlen() */
    fcd0:	76 d0       	rcall	.+236    	; 0xfdbe <getch>
      length = getch();
    fcd2:	75 d0       	rcall	.+234    	; 0xfdbe <getch>
    fcd4:	b8 2e       	mov	r11, r24
      getch();
    fcd6:	73 d0       	rcall	.+230    	; 0xfdbe <getch>

      // If we are in RWW section, immediately start page erase
      if (address < NRWWSTART) __boot_page_erase_short((uint16_t)(void*)address);
    fcd8:	80 ee       	ldi	r24, 0xE0	; 224
    fcda:	00 30       	cpi	r16, 0x00	; 0
    fcdc:	18 07       	cpc	r17, r24
    fcde:	38 f4       	brcc	.+14     	; 0xfcee <main+0xee>
    fce0:	f8 01       	movw	r30, r16
    fce2:	f7 be       	out	0x37, r15	; 55
    fce4:	e8 95       	spm
    fce6:	81 2c       	mov	r8, r1
    fce8:	61 e0       	ldi	r22, 0x01	; 1
    fcea:	96 2e       	mov	r9, r22
    fcec:	03 c0       	rjmp	.+6      	; 0xfcf4 <main+0xf4>
    fcee:	81 2c       	mov	r8, r1
    fcf0:	51 e0       	ldi	r21, 0x01	; 1
    fcf2:	95 2e       	mov	r9, r21

      // While that is going on, read in page contents
      bufPtr = buff;
      do *bufPtr++ = getch();
    fcf4:	64 d0       	rcall	.+200    	; 0xfdbe <getch>
    fcf6:	f4 01       	movw	r30, r8
    fcf8:	81 93       	st	Z+, r24
    fcfa:	4f 01       	movw	r8, r30
      while (--length);
    fcfc:	be 16       	cp	r11, r30
    fcfe:	d1 f7       	brne	.-12     	; 0xfcf4 <main+0xf4>

      // If we are in NRWW section, page erase has to be delayed until now.
      // Todo: Take RAMPZ into account
      if (address >= NRWWSTART) __boot_page_erase_short((uint16_t)(void*)address);
    fd00:	f0 ee       	ldi	r31, 0xE0	; 224
    fd02:	00 30       	cpi	r16, 0x00	; 0
    fd04:	1f 07       	cpc	r17, r31
    fd06:	18 f0       	brcs	.+6      	; 0xfd0e <main+0x10e>
    fd08:	f8 01       	movw	r30, r16
    fd0a:	f7 be       	out	0x37, r15	; 55
    fd0c:	e8 95       	spm

      // Read command terminator, start reply
      verifySpace();
    fd0e:	69 d0       	rcall	.+210    	; 0xfde2 <verifySpace>

      // If only a partial page is to be programmed, the erase might not be complete.
      // So check that here
      boot_spm_busy_wait();
    fd10:	07 b6       	in	r0, 0x37	; 55
    fd12:	00 fc       	sbrc	r0, 0
    fd14:	fd cf       	rjmp	.-6      	; 0xfd10 <main+0x110>
    fd16:	f8 01       	movw	r30, r16
    fd18:	a0 e0       	ldi	r26, 0x00	; 0
    fd1a:	b1 e0       	ldi	r27, 0x01	; 1
      bufPtr = buff;
      addrPtr = (uint16_t)(void*)address;
      ch = SPM_PAGESIZE / 2;
      do {
        uint16_t a;
        a = *bufPtr++;
    fd1c:	2c 91       	ld	r18, X
    fd1e:	30 e0       	ldi	r19, 0x00	; 0
        a |= (*bufPtr++) << 8;
    fd20:	11 96       	adiw	r26, 0x01	; 1
    fd22:	8c 91       	ld	r24, X
    fd24:	11 97       	sbiw	r26, 0x01	; 1
    fd26:	90 e0       	ldi	r25, 0x00	; 0
    fd28:	98 2f       	mov	r25, r24
    fd2a:	88 27       	eor	r24, r24
    fd2c:	82 2b       	or	r24, r18
    fd2e:	93 2b       	or	r25, r19
#define rstVect (*(uint16_t*)(RAMSTART+SPM_PAGESIZE*2+4))
#define wdtVect (*(uint16_t*)(RAMSTART+SPM_PAGESIZE*2+6))
#endif

/* main program starts here */
int main(void) {
    fd30:	12 96       	adiw	r26, 0x02	; 2
      ch = SPM_PAGESIZE / 2;
      do {
        uint16_t a;
        a = *bufPtr++;
        a |= (*bufPtr++) << 8;
        __boot_page_fill_short((uint16_t)(void*)addrPtr,a);
    fd32:	0c 01       	movw	r0, r24
    fd34:	e7 be       	out	0x37, r14	; 55
    fd36:	e8 95       	spm
    fd38:	11 24       	eor	r1, r1
        addrPtr += 2;
    fd3a:	32 96       	adiw	r30, 0x02	; 2
      } while (--ch);
    fd3c:	82 e0       	ldi	r24, 0x02	; 2
    fd3e:	a0 30       	cpi	r26, 0x00	; 0
    fd40:	b8 07       	cpc	r27, r24
    fd42:	61 f7       	brne	.-40     	; 0xfd1c <main+0x11c>

      // Write from programming buffer
      __boot_page_write_short((uint16_t)(void*)address);
    fd44:	f8 01       	movw	r30, r16
    fd46:	d7 be       	out	0x37, r13	; 55
    fd48:	e8 95       	spm
      boot_spm_busy_wait();
    fd4a:	07 b6       	in	r0, 0x37	; 55
    fd4c:	00 fc       	sbrc	r0, 0
    fd4e:	fd cf       	rjmp	.-6      	; 0xfd4a <main+0x14a>

#if defined(RWWSRE)
      // Reenable read access to flash
      boot_rww_enable();
    fd50:	c7 be       	out	0x37, r12	; 55
    fd52:	e8 95       	spm
    fd54:	2a c0       	rjmp	.+84     	; 0xfdaa <main+0x1aa>
#endif

    }
    /* Read memory block mode, length is big endian.  */
    else if(ch == STK_READ_PAGE) {
    fd56:	84 37       	cpi	r24, 0x74	; 116
    fd58:	b9 f4       	brne	.+46     	; 0xfd88 <main+0x188>
      // READ PAGE - we only read flash
      getch();			/* getlen() */
    fd5a:	31 d0       	rcall	.+98     	; 0xfdbe <getch>
      length = getch();
    fd5c:	30 d0       	rcall	.+96     	; 0xfdbe <getch>
    fd5e:	a8 2e       	mov	r10, r24
      getch();
    fd60:	2e d0       	rcall	.+92     	; 0xfdbe <getch>

      verifySpace();
    fd62:	3f d0       	rcall	.+126    	; 0xfde2 <verifySpace>
    }
    /* Read memory block mode, length is big endian.  */
    else if(ch == STK_READ_PAGE) {
      // READ PAGE - we only read flash
      getch();			/* getlen() */
      length = getch();
    fd64:	ba 2c       	mov	r11, r10
      getch();

      verifySpace();
    fd66:	f8 01       	movw	r30, r16
    fd68:	01 c0       	rjmp	.+2      	; 0xfd6c <main+0x16c>
        putch(result);
        address++;
      }
      while (--length);
#else
      do putch(pgm_read_byte_near(address++));
    fd6a:	f4 01       	movw	r30, r8
    fd6c:	4f 01       	movw	r8, r30
    fd6e:	08 94       	sec
    fd70:	81 1c       	adc	r8, r1
    fd72:	91 1c       	adc	r9, r1
    fd74:	84 91       	lpm	r24, Z
    fd76:	1c d0       	rcall	.+56     	; 0xfdb0 <putch>
      while (--length);
    fd78:	ba 94       	dec	r11
    fd7a:	b9 f7       	brne	.-18     	; 0xfd6a <main+0x16a>
#define rstVect (*(uint16_t*)(RAMSTART+SPM_PAGESIZE*2+4))
#define wdtVect (*(uint16_t*)(RAMSTART+SPM_PAGESIZE*2+6))
#endif

/* main program starts here */
int main(void) {
    fd7c:	0f 5f       	subi	r16, 0xFF	; 255
    fd7e:	1f 4f       	sbci	r17, 0xFF	; 255
    fd80:	aa 94       	dec	r10
    fd82:	0a 0d       	add	r16, r10
    fd84:	11 1d       	adc	r17, r1
    fd86:	11 c0       	rjmp	.+34     	; 0xfdaa <main+0x1aa>
#endif
#endif
    }

    /* Get device signature bytes  */
    else if(ch == STK_READ_SIGN) {
    fd88:	85 37       	cpi	r24, 0x75	; 117
    fd8a:	41 f4       	brne	.+16     	; 0xfd9c <main+0x19c>
      // READ SIGN - return what Avrdude wants to hear
      verifySpace();
    fd8c:	2a d0       	rcall	.+84     	; 0xfde2 <verifySpace>
      putch(SIGNATURE_0);
    fd8e:	8e e1       	ldi	r24, 0x1E	; 30
    fd90:	0f d0       	rcall	.+30     	; 0xfdb0 <putch>
      putch(SIGNATURE_1);
    fd92:	86 e9       	ldi	r24, 0x96	; 150
    fd94:	0d d0       	rcall	.+26     	; 0xfdb0 <putch>
      putch(SIGNATURE_2);
    fd96:	8a e0       	ldi	r24, 0x0A	; 10
    fd98:	0b d0       	rcall	.+22     	; 0xfdb0 <putch>
    fd9a:	07 c0       	rjmp	.+14     	; 0xfdaa <main+0x1aa>
    }
    else if (ch == 'Q') {
    fd9c:	81 35       	cpi	r24, 0x51	; 81
    fd9e:	21 f4       	brne	.+8      	; 0xfda8 <main+0x1a8>
      // Adaboot no-wait mod
      watchdogConfig(WATCHDOG_16MS);
    fda0:	88 e0       	ldi	r24, 0x08	; 8
    fda2:	19 d0       	rcall	.+50     	; 0xfdd6 <watchdogConfig>
      verifySpace();
    fda4:	1e d0       	rcall	.+60     	; 0xfde2 <verifySpace>
    fda6:	01 c0       	rjmp	.+2      	; 0xfdaa <main+0x1aa>
    }
    else {
      // This covers the response to commands like STK_ENTER_PROGMODE
      verifySpace();
    fda8:	1c d0       	rcall	.+56     	; 0xfde2 <verifySpace>
    }
    putch(STK_OK);
    fdaa:	80 e1       	ldi	r24, 0x10	; 16
    fdac:	01 d0       	rcall	.+2      	; 0xfdb0 <putch>
  }
    fdae:	58 cf       	rjmp	.-336    	; 0xfc60 <main+0x60>

0000fdb0 <putch>:
}

void putch(char ch) {
#ifndef SOFT_UART
  while (!(UCSR0A & _BV(UDRE0)));
    fdb0:	90 91 c0 00 	lds	r25, 0x00C0
    fdb4:	95 ff       	sbrs	r25, 5
    fdb6:	fc cf       	rjmp	.-8      	; 0xfdb0 <putch>
  UDR0 = ch;
    fdb8:	80 93 c6 00 	sts	0x00C6, r24
      [uartBit] "I" (UART_TX_BIT)
    :
      "r25"
  );
#endif
}
    fdbc:	08 95       	ret

0000fdbe <getch>:
      [uartBit] "I" (UART_RX_BIT)
    :
      "r25"
);
#else
  while(!(UCSR0A & _BV(RXC0)))
    fdbe:	80 91 c0 00 	lds	r24, 0x00C0
    fdc2:	87 ff       	sbrs	r24, 7
    fdc4:	fc cf       	rjmp	.-8      	; 0xfdbe <getch>
    ;
  if (!(UCSR0A & _BV(FE0))) {
    fdc6:	80 91 c0 00 	lds	r24, 0x00C0
    fdca:	84 fd       	sbrc	r24, 4
    fdcc:	01 c0       	rjmp	.+2      	; 0xfdd0 <getch+0x12>
}
#endif

// Watchdog functions. These are only safe with interrupts turned off.
void watchdogReset() {
  __asm__ __volatile__ (
    fdce:	a8 95       	wdr
       * don't care that an invalid char is returned...)
       */
    watchdogReset();
  }
  
  ch = UDR0;
    fdd0:	80 91 c6 00 	lds	r24, 0x00C6
  LED_PIN |= _BV(LED);
#endif
#endif

  return ch;
}
    fdd4:	08 95       	ret

0000fdd6 <watchdogConfig>:
    "wdr\n"
  );
}

void watchdogConfig(uint8_t x) {
  WDTCSR = _BV(WDCE) | _BV(WDE);
    fdd6:	e0 e6       	ldi	r30, 0x60	; 96
    fdd8:	f0 e0       	ldi	r31, 0x00	; 0
    fdda:	98 e1       	ldi	r25, 0x18	; 24
    fddc:	90 83       	st	Z, r25
  WDTCSR = x;
    fdde:	80 83       	st	Z, r24
}
    fde0:	08 95       	ret

0000fde2 <verifySpace>:
  do getch(); while (--count);
  verifySpace();
}

void verifySpace() {
  if (getch() != CRC_EOP) {
    fde2:	ed df       	rcall	.-38     	; 0xfdbe <getch>
    fde4:	80 32       	cpi	r24, 0x20	; 32
    fde6:	19 f0       	breq	.+6      	; 0xfdee <verifySpace+0xc>
    watchdogConfig(WATCHDOG_16MS);    // shorten WD timeout
    fde8:	88 e0       	ldi	r24, 0x08	; 8
    fdea:	f5 df       	rcall	.-22     	; 0xfdd6 <watchdogConfig>
    fdec:	ff cf       	rjmp	.-2      	; 0xfdec <verifySpace+0xa>
    while (1)			      // and busy-loop so that WD causes
      ;				      //  a reset and app start.
  }
  putch(STK_INSYNC);
    fdee:	84 e1       	ldi	r24, 0x14	; 20
    fdf0:	df cf       	rjmp	.-66     	; 0xfdb0 <putch>

0000fdf2 <getNch>:
}
    fdf2:	cf 93       	push	r28
    ::[count] "M" (UART_B_VALUE)
  );
}
#endif

void getNch(uint8_t count) {
    fdf4:	c8 2f       	mov	r28, r24
    fdf6:	e3 df       	rcall	.-58     	; 0xfdbe <getch>
  do getch(); while (--count);
    fdf8:	c1 50       	subi	r28, 0x01	; 1
    fdfa:	e9 f7       	brne	.-6      	; 0xfdf6 <getNch+0x4>
    fdfc:	f2 df       	rcall	.-28     	; 0xfde2 <verifySpace>
  verifySpace();
    fdfe:	cf 91       	pop	r28
}
    fe00:	08 95       	ret

0000fe02 <appStart>:
    fe02:	80 e0       	ldi	r24, 0x00	; 0
  WDTCSR = _BV(WDCE) | _BV(WDE);
  WDTCSR = x;
}

void appStart() {
  watchdogConfig(WATCHDOG_OFF);
    fe04:	e8 df       	rcall	.-48     	; 0xfdd6 <watchdogConfig>
    fe06:	ee 27       	eor	r30, r30
  __asm__ __volatile__ (
    fe08:	ff 27       	eor	r31, r31
    fe0a:	09 94       	ijmp
